2022-12-28 10:38:06  - [ DEBUG ]  imooc.runcase.SureSubmitCase.beforeClass(SureSubmitCase.java:23)mainimooc.runcase.SureSubmitCase - 初始化浏览器
2022-12-28 10:38:13  - [ DEBUG ]  org.apache.http.client.protocol.RequestAddCookies.process(RequestAddCookies.java:123)Forwarding newSession on session null to remoteorg.apache.http.client.protocol.RequestAddCookies - CookieSpec selected: default
2022-12-28 10:38:13  - [ DEBUG ]  org.apache.http.client.protocol.RequestAuthCache.process(RequestAuthCache.java:77)Forwarding newSession on session null to remoteorg.apache.http.client.protocol.RequestAuthCache - Auth cache not set in the context
2022-12-28 10:38:13  - [ DEBUG ]  org.apache.http.impl.conn.PoolingHttpClientConnectionManager.requestConnection(PoolingHttpClientConnectionManager.java:255)Forwarding newSession on session null to remoteorg.apache.http.impl.conn.PoolingHttpClientConnectionManager - Connection request: [route: {}->http://localhost:27159][total kept alive: 0; route allocated: 0 of 2000; total allocated: 0 of 2000]
2022-12-28 10:38:13  - [ DEBUG ]  org.apache.http.impl.conn.PoolingHttpClientConnectionManager.leaseConnection(PoolingHttpClientConnectionManager.java:288)Forwarding newSession on session null to remoteorg.apache.http.impl.conn.PoolingHttpClientConnectionManager - Connection leased: [id: 0][route: {}->http://localhost:27159][total kept alive: 0; route allocated: 1 of 2000; total allocated: 1 of 2000]
2022-12-28 10:38:13  - [ DEBUG ]  org.apache.http.impl.execchain.MainClientExec.execute(MainClientExec.java:235)Forwarding newSession on session null to remoteorg.apache.http.impl.execchain.MainClientExec - Opening connection {}->http://localhost:27159
2022-12-28 10:38:13  - [ DEBUG ]  org.apache.http.impl.conn.DefaultHttpClientConnectionOperator.connect(DefaultHttpClientConnectionOperator.java:139)Forwarding newSession on session null to remoteorg.apache.http.impl.conn.DefaultHttpClientConnectionOperator - Connecting to localhost/127.0.0.1:27159
2022-12-28 10:38:13  - [ DEBUG ]  org.apache.http.impl.conn.DefaultHttpClientConnectionOperator.connect(DefaultHttpClientConnectionOperator.java:146)Forwarding newSession on session null to remoteorg.apache.http.impl.conn.DefaultHttpClientConnectionOperator - Connection established 127.0.0.1:58678<->127.0.0.1:27159
2022-12-28 10:38:13  - [ DEBUG ]  org.apache.http.impl.conn.LoggingManagedHttpClientConnection.setSocketTimeout(LoggingManagedHttpClientConnection.java:88)Forwarding newSession on session null to remoteorg.apache.http.impl.conn.DefaultManagedHttpClientConnection - http-outgoing-0: set socket timeout to 10800000
2022-12-28 10:38:13  - [ DEBUG ]  org.apache.http.impl.execchain.MainClientExec.execute(MainClientExec.java:256)Forwarding newSession on session null to remoteorg.apache.http.impl.execchain.MainClientExec - Executing request POST /session HTTP/1.1
2022-12-28 10:38:13  - [ DEBUG ]  org.apache.http.impl.execchain.MainClientExec.execute(MainClientExec.java:261)Forwarding newSession on session null to remoteorg.apache.http.impl.execchain.MainClientExec - Target auth state: UNCHALLENGED
2022-12-28 10:38:13  - [ DEBUG ]  org.apache.http.impl.execchain.MainClientExec.execute(MainClientExec.java:267)Forwarding newSession on session null to remoteorg.apache.http.impl.execchain.MainClientExec - Proxy auth state: UNCHALLENGED
2022-12-28 10:38:13  - [ DEBUG ]  org.apache.http.impl.conn.LoggingManagedHttpClientConnection.onRequestSubmitted(LoggingManagedHttpClientConnection.java:133)Forwarding newSession on session null to remoteorg.apache.http.headers - http-outgoing-0 >> POST /session HTTP/1.1
2022-12-28 10:38:13  - [ DEBUG ]  org.apache.http.impl.conn.LoggingManagedHttpClientConnection.onRequestSubmitted(LoggingManagedHttpClientConnection.java:136)Forwarding newSession on session null to remoteorg.apache.http.headers - http-outgoing-0 >> Content-Type: application/json; charset=utf-8
2022-12-28 10:38:13  - [ DEBUG ]  org.apache.http.impl.conn.LoggingManagedHttpClientConnection.onRequestSubmitted(LoggingManagedHttpClientConnection.java:136)Forwarding newSession on session null to remoteorg.apache.http.headers - http-outgoing-0 >> Content-Length: 456
2022-12-28 10:38:13  - [ DEBUG ]  org.apache.http.impl.conn.LoggingManagedHttpClientConnection.onRequestSubmitted(LoggingManagedHttpClientConnection.java:136)Forwarding newSession on session null to remoteorg.apache.http.headers - http-outgoing-0 >> Host: localhost:27159
2022-12-28 10:38:13  - [ DEBUG ]  org.apache.http.impl.conn.LoggingManagedHttpClientConnection.onRequestSubmitted(LoggingManagedHttpClientConnection.java:136)Forwarding newSession on session null to remoteorg.apache.http.headers - http-outgoing-0 >> Connection: Keep-Alive
2022-12-28 10:38:13  - [ DEBUG ]  org.apache.http.impl.conn.LoggingManagedHttpClientConnection.onRequestSubmitted(LoggingManagedHttpClientConnection.java:136)Forwarding newSession on session null to remoteorg.apache.http.headers - http-outgoing-0 >> User-Agent: Apache-HttpClient/4.5.3 (Java/1.8.0_144)
2022-12-28 10:38:13  - [ DEBUG ]  org.apache.http.impl.conn.LoggingManagedHttpClientConnection.onRequestSubmitted(LoggingManagedHttpClientConnection.java:136)Forwarding newSession on session null to remoteorg.apache.http.headers - http-outgoing-0 >> Accept-Encoding: gzip,deflate
2022-12-28 10:38:13  - [ DEBUG ]  org.apache.http.impl.conn.Wire.wire(Wire.java:73)Forwarding newSession on session null to remoteorg.apache.http.wire - http-outgoing-0 >> "POST /session HTTP/1.1[\r][\n]"
2022-12-28 10:38:13  - [ DEBUG ]  org.apache.http.impl.conn.Wire.wire(Wire.java:73)Forwarding newSession on session null to remoteorg.apache.http.wire - http-outgoing-0 >> "Content-Type: application/json; charset=utf-8[\r][\n]"
2022-12-28 10:38:13  - [ DEBUG ]  org.apache.http.impl.conn.Wire.wire(Wire.java:73)Forwarding newSession on session null to remoteorg.apache.http.wire - http-outgoing-0 >> "Content-Length: 456[\r][\n]"
2022-12-28 10:38:13  - [ DEBUG ]  org.apache.http.impl.conn.Wire.wire(Wire.java:73)Forwarding newSession on session null to remoteorg.apache.http.wire - http-outgoing-0 >> "Host: localhost:27159[\r][\n]"
2022-12-28 10:38:13  - [ DEBUG ]  org.apache.http.impl.conn.Wire.wire(Wire.java:73)Forwarding newSession on session null to remoteorg.apache.http.wire - http-outgoing-0 >> "Connection: Keep-Alive[\r][\n]"
2022-12-28 10:38:13  - [ DEBUG ]  org.apache.http.impl.conn.Wire.wire(Wire.java:73)Forwarding newSession on session null to remoteorg.apache.http.wire - http-outgoing-0 >> "User-Agent: Apache-HttpClient/4.5.3 (Java/1.8.0_144)[\r][\n]"
2022-12-28 10:38:13  - [ DEBUG ]  org.apache.http.impl.conn.Wire.wire(Wire.java:73)Forwarding newSession on session null to remoteorg.apache.http.wire - http-outgoing-0 >> "Accept-Encoding: gzip,deflate[\r][\n]"
2022-12-28 10:38:13  - [ DEBUG ]  org.apache.http.impl.conn.Wire.wire(Wire.java:73)Forwarding newSession on session null to remoteorg.apache.http.wire - http-outgoing-0 >> "[\r][\n]"
2022-12-28 10:38:13  - [ DEBUG ]  org.apache.http.impl.conn.Wire.wire(Wire.java:73)Forwarding newSession on session null to remoteorg.apache.http.wire - http-outgoing-0 >> "{[\n]"
2022-12-28 10:38:13  - [ DEBUG ]  org.apache.http.impl.conn.Wire.wire(Wire.java:73)Forwarding newSession on session null to remoteorg.apache.http.wire - http-outgoing-0 >> "  "desiredCapabilities": {[\n]"
2022-12-28 10:38:13  - [ DEBUG ]  org.apache.http.impl.conn.Wire.wire(Wire.java:73)Forwarding newSession on session null to remoteorg.apache.http.wire - http-outgoing-0 >> "    "moz:firefoxOptions": {[\n]"
2022-12-28 10:38:13  - [ DEBUG ]  org.apache.http.impl.conn.Wire.wire(Wire.java:73)Forwarding newSession on session null to remoteorg.apache.http.wire - http-outgoing-0 >> "      "prefs": {},[\n]"
2022-12-28 10:38:13  - [ DEBUG ]  org.apache.http.impl.conn.Wire.wire(Wire.java:73)Forwarding newSession on session null to remoteorg.apache.http.wire - http-outgoing-0 >> "      "args": [][\n]"
2022-12-28 10:38:13  - [ DEBUG ]  org.apache.http.impl.conn.Wire.wire(Wire.java:73)Forwarding newSession on session null to remoteorg.apache.http.wire - http-outgoing-0 >> "    }[\n]"
2022-12-28 10:38:13  - [ DEBUG ]  org.apache.http.impl.conn.Wire.wire(Wire.java:73)Forwarding newSession on session null to remoteorg.apache.http.wire - http-outgoing-0 >> "  },[\n]"
2022-12-28 10:38:13  - [ DEBUG ]  org.apache.http.impl.conn.Wire.wire(Wire.java:73)Forwarding newSession on session null to remoteorg.apache.http.wire - http-outgoing-0 >> "  "requiredCapabilities": {},[\n]"
2022-12-28 10:38:13  - [ DEBUG ]  org.apache.http.impl.conn.Wire.wire(Wire.java:73)Forwarding newSession on session null to remoteorg.apache.http.wire - http-outgoing-0 >> "  "capabilities": {[\n]"
2022-12-28 10:38:13  - [ DEBUG ]  org.apache.http.impl.conn.Wire.wire(Wire.java:73)Forwarding newSession on session null to remoteorg.apache.http.wire - http-outgoing-0 >> "    "desiredCapabilities": {[\n]"
2022-12-28 10:38:13  - [ DEBUG ]  org.apache.http.impl.conn.Wire.wire(Wire.java:73)Forwarding newSession on session null to remoteorg.apache.http.wire - http-outgoing-0 >> "      "moz:firefoxOptions": {[\n]"
2022-12-28 10:38:13  - [ DEBUG ]  org.apache.http.impl.conn.Wire.wire(Wire.java:73)Forwarding newSession on session null to remoteorg.apache.http.wire - http-outgoing-0 >> "        "prefs": {},[\n]"
2022-12-28 10:38:13  - [ DEBUG ]  org.apache.http.impl.conn.Wire.wire(Wire.java:73)Forwarding newSession on session null to remoteorg.apache.http.wire - http-outgoing-0 >> "        "args": [][\n]"
2022-12-28 10:38:13  - [ DEBUG ]  org.apache.http.impl.conn.Wire.wire(Wire.java:73)Forwarding newSession on session null to remoteorg.apache.http.wire - http-outgoing-0 >> "      }[\n]"
2022-12-28 10:38:13  - [ DEBUG ]  org.apache.http.impl.conn.Wire.wire(Wire.java:73)Forwarding newSession on session null to remoteorg.apache.http.wire - http-outgoing-0 >> "    },[\n]"
2022-12-28 10:38:13  - [ DEBUG ]  org.apache.http.impl.conn.Wire.wire(Wire.java:73)Forwarding newSession on session null to remoteorg.apache.http.wire - http-outgoing-0 >> "    "requiredCapabilities": {},[\n]"
2022-12-28 10:38:13  - [ DEBUG ]  org.apache.http.impl.conn.Wire.wire(Wire.java:73)Forwarding newSession on session null to remoteorg.apache.http.wire - http-outgoing-0 >> "    "alwaysMatch": {},[\n]"
2022-12-28 10:38:13  - [ DEBUG ]  org.apache.http.impl.conn.Wire.wire(Wire.java:73)Forwarding newSession on session null to remoteorg.apache.http.wire - http-outgoing-0 >> "    "firstMatch": [[\n]"
2022-12-28 10:38:13  - [ DEBUG ]  org.apache.http.impl.conn.Wire.wire(Wire.java:73)Forwarding newSession on session null to remoteorg.apache.http.wire - http-outgoing-0 >> "      {[\n]"
2022-12-28 10:38:13  - [ DEBUG ]  org.apache.http.impl.conn.Wire.wire(Wire.java:73)Forwarding newSession on session null to remoteorg.apache.http.wire - http-outgoing-0 >> "        "moz:firefoxOptions": {[\n]"
2022-12-28 10:38:13  - [ DEBUG ]  org.apache.http.impl.conn.Wire.wire(Wire.java:73)Forwarding newSession on session null to remoteorg.apache.http.wire - http-outgoing-0 >> "          "prefs": {},[\n]"
2022-12-28 10:38:13  - [ DEBUG ]  org.apache.http.impl.conn.Wire.wire(Wire.java:73)Forwarding newSession on session null to remoteorg.apache.http.wire - http-outgoing-0 >> "          "args": [][\n]"
2022-12-28 10:38:13  - [ DEBUG ]  org.apache.http.impl.conn.Wire.wire(Wire.java:73)Forwarding newSession on session null to remoteorg.apache.http.wire - http-outgoing-0 >> "        }[\n]"
2022-12-28 10:38:13  - [ DEBUG ]  org.apache.http.impl.conn.Wire.wire(Wire.java:73)Forwarding newSession on session null to remoteorg.apache.http.wire - http-outgoing-0 >> "      }[\n]"
2022-12-28 10:38:13  - [ DEBUG ]  org.apache.http.impl.conn.Wire.wire(Wire.java:73)Forwarding newSession on session null to remoteorg.apache.http.wire - http-outgoing-0 >> "    ][\n]"
2022-12-28 10:38:13  - [ DEBUG ]  org.apache.http.impl.conn.Wire.wire(Wire.java:73)Forwarding newSession on session null to remoteorg.apache.http.wire - http-outgoing-0 >> "  }[\n]"
2022-12-28 10:38:13  - [ DEBUG ]  org.apache.http.impl.conn.Wire.wire(Wire.java:87)Forwarding newSession on session null to remoteorg.apache.http.wire - http-outgoing-0 >> "}"
2022-12-28 10:39:12  - [ DEBUG ]  org.apache.http.impl.conn.Wire.wire(Wire.java:73)Forwarding newSession on session null to remoteorg.apache.http.wire - http-outgoing-0 << "HTTP/1.1 200 OK[\r][\n]"
2022-12-28 10:39:12  - [ DEBUG ]  org.apache.http.impl.conn.Wire.wire(Wire.java:73)Forwarding newSession on session null to remoteorg.apache.http.wire - http-outgoing-0 << "Connection: close[\r][\n]"
2022-12-28 10:39:12  - [ DEBUG ]  org.apache.http.impl.conn.Wire.wire(Wire.java:73)Forwarding newSession on session null to remoteorg.apache.http.wire - http-outgoing-0 << "Content-Type: application/json; charset=utf-8[\r][\n]"
2022-12-28 10:39:12  - [ DEBUG ]  org.apache.http.impl.conn.Wire.wire(Wire.java:73)Forwarding newSession on session null to remoteorg.apache.http.wire - http-outgoing-0 << "Cache-Control: no-cache[\r][\n]"
2022-12-28 10:39:12  - [ DEBUG ]  org.apache.http.impl.conn.Wire.wire(Wire.java:73)Forwarding newSession on session null to remoteorg.apache.http.wire - http-outgoing-0 << "Content-Length: 497[\r][\n]"
2022-12-28 10:39:12  - [ DEBUG ]  org.apache.http.impl.conn.Wire.wire(Wire.java:73)Forwarding newSession on session null to remoteorg.apache.http.wire - http-outgoing-0 << "Date: Wed, 28 Dec 2022 02:39:12 GMT[\r][\n]"
2022-12-28 10:39:12  - [ DEBUG ]  org.apache.http.impl.conn.Wire.wire(Wire.java:73)Forwarding newSession on session null to remoteorg.apache.http.wire - http-outgoing-0 << "[\r][\n]"
2022-12-28 10:39:12  - [ DEBUG ]  org.apache.http.impl.conn.Wire.wire(Wire.java:87)Forwarding newSession on session null to remoteorg.apache.http.wire - http-outgoing-0 << "{"value": {"sessionId":"08c7e438-4f3a-42b7-adfd-ca1794750711","capabilities":{"acceptInsecureCerts":false,"browserName":"firefox","browserVersion":"57.0","moz:accessibilityChecks":false,"moz:headless":false,"moz:processID":3504,"moz:profile":"C:\\Users\\mxy\\AppData\\Local\\Temp\\rust_mozprofile.W8TOLeGqtR7g","moz:webdriverClick":false,"pageLoadStrategy":"normal","platformName":"windows_nt","platformVersion":"6.1","rotatable":false,"timeouts":{"implicit":0,"pageLoad":300000,"script":30000}}}}"
2022-12-28 10:39:12  - [ DEBUG ]  org.apache.http.impl.conn.LoggingManagedHttpClientConnection.onResponseReceived(LoggingManagedHttpClientConnection.java:122)Forwarding newSession on session null to remoteorg.apache.http.headers - http-outgoing-0 << HTTP/1.1 200 OK
2022-12-28 10:39:12  - [ DEBUG ]  org.apache.http.impl.conn.LoggingManagedHttpClientConnection.onResponseReceived(LoggingManagedHttpClientConnection.java:125)Forwarding newSession on session null to remoteorg.apache.http.headers - http-outgoing-0 << Connection: close
2022-12-28 10:39:12  - [ DEBUG ]  org.apache.http.impl.conn.LoggingManagedHttpClientConnection.onResponseReceived(LoggingManagedHttpClientConnection.java:125)Forwarding newSession on session null to remoteorg.apache.http.headers - http-outgoing-0 << Content-Type: application/json; charset=utf-8
2022-12-28 10:39:12  - [ DEBUG ]  org.apache.http.impl.conn.LoggingManagedHttpClientConnection.onResponseReceived(LoggingManagedHttpClientConnection.java:125)Forwarding newSession on session null to remoteorg.apache.http.headers - http-outgoing-0 << Cache-Control: no-cache
2022-12-28 10:39:12  - [ DEBUG ]  org.apache.http.impl.conn.LoggingManagedHttpClientConnection.onResponseReceived(LoggingManagedHttpClientConnection.java:125)Forwarding newSession on session null to remoteorg.apache.http.headers - http-outgoing-0 << Content-Length: 497
2022-12-28 10:39:12  - [ DEBUG ]  org.apache.http.impl.conn.LoggingManagedHttpClientConnection.onResponseReceived(LoggingManagedHttpClientConnection.java:125)Forwarding newSession on session null to remoteorg.apache.http.headers - http-outgoing-0 << Date: Wed, 28 Dec 2022 02:39:12 GMT
2022-12-28 10:39:13  - [ DEBUG ]  org.apache.http.impl.conn.LoggingManagedHttpClientConnection.close(LoggingManagedHttpClientConnection.java:79)Forwarding newSession on session null to remoteorg.apache.http.impl.conn.DefaultManagedHttpClientConnection - http-outgoing-0: Close connection
2022-12-28 10:39:13  - [ DEBUG ]  org.apache.http.impl.execchain.ConnectionHolder.releaseConnection(ConnectionHolder.java:104)Forwarding newSession on session null to remoteorg.apache.http.impl.execchain.MainClientExec - Connection discarded
2022-12-28 10:39:13  - [ DEBUG ]  org.apache.http.impl.conn.PoolingHttpClientConnectionManager.releaseConnection(PoolingHttpClientConnectionManager.java:326)Forwarding newSession on session null to remoteorg.apache.http.impl.conn.PoolingHttpClientConnectionManager - Connection released: [id: 0][route: {}->http://localhost:27159][total kept alive: 0; route allocated: 0 of 2000; total allocated: 0 of 2000]
2022-12-28 10:39:16  - [ DEBUG ]  org.apache.http.client.protocol.RequestAddCookies.process(RequestAddCookies.java:123)Forwarding maximizeCurrentWindow on session 08c7e438-4f3a-42b7-adfd-ca1794750711 to remoteorg.apache.http.client.protocol.RequestAddCookies - CookieSpec selected: default
2022-12-28 10:39:16  - [ DEBUG ]  org.apache.http.client.protocol.RequestAuthCache.process(RequestAuthCache.java:77)Forwarding maximizeCurrentWindow on session 08c7e438-4f3a-42b7-adfd-ca1794750711 to remoteorg.apache.http.client.protocol.RequestAuthCache - Auth cache not set in the context
2022-12-28 10:39:16  - [ DEBUG ]  org.apache.http.impl.conn.PoolingHttpClientConnectionManager.requestConnection(PoolingHttpClientConnectionManager.java:255)Forwarding maximizeCurrentWindow on session 08c7e438-4f3a-42b7-adfd-ca1794750711 to remoteorg.apache.http.impl.conn.PoolingHttpClientConnectionManager - Connection request: [route: {}->http://localhost:27159][total kept alive: 0; route allocated: 0 of 2000; total allocated: 0 of 2000]
2022-12-28 10:39:16  - [ DEBUG ]  org.apache.http.impl.conn.PoolingHttpClientConnectionManager.leaseConnection(PoolingHttpClientConnectionManager.java:288)Forwarding maximizeCurrentWindow on session 08c7e438-4f3a-42b7-adfd-ca1794750711 to remoteorg.apache.http.impl.conn.PoolingHttpClientConnectionManager - Connection leased: [id: 1][route: {}->http://localhost:27159][total kept alive: 0; route allocated: 1 of 2000; total allocated: 1 of 2000]
2022-12-28 10:39:16  - [ DEBUG ]  org.apache.http.impl.execchain.MainClientExec.execute(MainClientExec.java:235)Forwarding maximizeCurrentWindow on session 08c7e438-4f3a-42b7-adfd-ca1794750711 to remoteorg.apache.http.impl.execchain.MainClientExec - Opening connection {}->http://localhost:27159
2022-12-28 10:39:16  - [ DEBUG ]  org.apache.http.impl.conn.DefaultHttpClientConnectionOperator.connect(DefaultHttpClientConnectionOperator.java:139)Forwarding maximizeCurrentWindow on session 08c7e438-4f3a-42b7-adfd-ca1794750711 to remoteorg.apache.http.impl.conn.DefaultHttpClientConnectionOperator - Connecting to localhost/127.0.0.1:27159
2022-12-28 10:39:16  - [ DEBUG ]  org.apache.http.impl.conn.DefaultHttpClientConnectionOperator.connect(DefaultHttpClientConnectionOperator.java:146)Forwarding maximizeCurrentWindow on session 08c7e438-4f3a-42b7-adfd-ca1794750711 to remoteorg.apache.http.impl.conn.DefaultHttpClientConnectionOperator - Connection established 127.0.0.1:58755<->127.0.0.1:27159
2022-12-28 10:39:16  - [ DEBUG ]  org.apache.http.impl.conn.LoggingManagedHttpClientConnection.setSocketTimeout(LoggingManagedHttpClientConnection.java:88)Forwarding maximizeCurrentWindow on session 08c7e438-4f3a-42b7-adfd-ca1794750711 to remoteorg.apache.http.impl.conn.DefaultManagedHttpClientConnection - http-outgoing-1: set socket timeout to 10800000
2022-12-28 10:39:16  - [ DEBUG ]  org.apache.http.impl.execchain.MainClientExec.execute(MainClientExec.java:256)Forwarding maximizeCurrentWindow on session 08c7e438-4f3a-42b7-adfd-ca1794750711 to remoteorg.apache.http.impl.execchain.MainClientExec - Executing request POST /session/08c7e438-4f3a-42b7-adfd-ca1794750711/window/maximize HTTP/1.1
2022-12-28 10:39:16  - [ DEBUG ]  org.apache.http.impl.execchain.MainClientExec.execute(MainClientExec.java:261)Forwarding maximizeCurrentWindow on session 08c7e438-4f3a-42b7-adfd-ca1794750711 to remoteorg.apache.http.impl.execchain.MainClientExec - Target auth state: UNCHALLENGED
2022-12-28 10:39:16  - [ DEBUG ]  org.apache.http.impl.execchain.MainClientExec.execute(MainClientExec.java:267)Forwarding maximizeCurrentWindow on session 08c7e438-4f3a-42b7-adfd-ca1794750711 to remoteorg.apache.http.impl.execchain.MainClientExec - Proxy auth state: UNCHALLENGED
2022-12-28 10:39:16  - [ DEBUG ]  org.apache.http.impl.conn.LoggingManagedHttpClientConnection.onRequestSubmitted(LoggingManagedHttpClientConnection.java:133)Forwarding maximizeCurrentWindow on session 08c7e438-4f3a-42b7-adfd-ca1794750711 to remoteorg.apache.http.headers - http-outgoing-1 >> POST /session/08c7e438-4f3a-42b7-adfd-ca1794750711/window/maximize HTTP/1.1
2022-12-28 10:39:16  - [ DEBUG ]  org.apache.http.impl.conn.LoggingManagedHttpClientConnection.onRequestSubmitted(LoggingManagedHttpClientConnection.java:136)Forwarding maximizeCurrentWindow on session 08c7e438-4f3a-42b7-adfd-ca1794750711 to remoteorg.apache.http.headers - http-outgoing-1 >> Content-Type: application/json; charset=utf-8
2022-12-28 10:39:16  - [ DEBUG ]  org.apache.http.impl.conn.LoggingManagedHttpClientConnection.onRequestSubmitted(LoggingManagedHttpClientConnection.java:136)Forwarding maximizeCurrentWindow on session 08c7e438-4f3a-42b7-adfd-ca1794750711 to remoteorg.apache.http.headers - http-outgoing-1 >> Content-Length: 2
2022-12-28 10:39:16  - [ DEBUG ]  org.apache.http.impl.conn.LoggingManagedHttpClientConnection.onRequestSubmitted(LoggingManagedHttpClientConnection.java:136)Forwarding maximizeCurrentWindow on session 08c7e438-4f3a-42b7-adfd-ca1794750711 to remoteorg.apache.http.headers - http-outgoing-1 >> Host: localhost:27159
2022-12-28 10:39:16  - [ DEBUG ]  org.apache.http.impl.conn.LoggingManagedHttpClientConnection.onRequestSubmitted(LoggingManagedHttpClientConnection.java:136)Forwarding maximizeCurrentWindow on session 08c7e438-4f3a-42b7-adfd-ca1794750711 to remoteorg.apache.http.headers - http-outgoing-1 >> Connection: Keep-Alive
2022-12-28 10:39:16  - [ DEBUG ]  org.apache.http.impl.conn.LoggingManagedHttpClientConnection.onRequestSubmitted(LoggingManagedHttpClientConnection.java:136)Forwarding maximizeCurrentWindow on session 08c7e438-4f3a-42b7-adfd-ca1794750711 to remoteorg.apache.http.headers - http-outgoing-1 >> User-Agent: Apache-HttpClient/4.5.3 (Java/1.8.0_144)
2022-12-28 10:39:16  - [ DEBUG ]  org.apache.http.impl.conn.LoggingManagedHttpClientConnection.onRequestSubmitted(LoggingManagedHttpClientConnection.java:136)Forwarding maximizeCurrentWindow on session 08c7e438-4f3a-42b7-adfd-ca1794750711 to remoteorg.apache.http.headers - http-outgoing-1 >> Accept-Encoding: gzip,deflate
2022-12-28 10:39:16  - [ DEBUG ]  org.apache.http.impl.conn.Wire.wire(Wire.java:73)Forwarding maximizeCurrentWindow on session 08c7e438-4f3a-42b7-adfd-ca1794750711 to remoteorg.apache.http.wire - http-outgoing-1 >> "POST /session/08c7e438-4f3a-42b7-adfd-ca1794750711/window/maximize HTTP/1.1[\r][\n]"
2022-12-28 10:39:16  - [ DEBUG ]  org.apache.http.impl.conn.Wire.wire(Wire.java:73)Forwarding maximizeCurrentWindow on session 08c7e438-4f3a-42b7-adfd-ca1794750711 to remoteorg.apache.http.wire - http-outgoing-1 >> "Content-Type: application/json; charset=utf-8[\r][\n]"
2022-12-28 10:39:16  - [ DEBUG ]  org.apache.http.impl.conn.Wire.wire(Wire.java:73)Forwarding maximizeCurrentWindow on session 08c7e438-4f3a-42b7-adfd-ca1794750711 to remoteorg.apache.http.wire - http-outgoing-1 >> "Content-Length: 2[\r][\n]"
2022-12-28 10:39:16  - [ DEBUG ]  org.apache.http.impl.conn.Wire.wire(Wire.java:73)Forwarding maximizeCurrentWindow on session 08c7e438-4f3a-42b7-adfd-ca1794750711 to remoteorg.apache.http.wire - http-outgoing-1 >> "Host: localhost:27159[\r][\n]"
2022-12-28 10:39:16  - [ DEBUG ]  org.apache.http.impl.conn.Wire.wire(Wire.java:73)Forwarding maximizeCurrentWindow on session 08c7e438-4f3a-42b7-adfd-ca1794750711 to remoteorg.apache.http.wire - http-outgoing-1 >> "Connection: Keep-Alive[\r][\n]"
2022-12-28 10:39:16  - [ DEBUG ]  org.apache.http.impl.conn.Wire.wire(Wire.java:73)Forwarding maximizeCurrentWindow on session 08c7e438-4f3a-42b7-adfd-ca1794750711 to remoteorg.apache.http.wire - http-outgoing-1 >> "User-Agent: Apache-HttpClient/4.5.3 (Java/1.8.0_144)[\r][\n]"
2022-12-28 10:39:16  - [ DEBUG ]  org.apache.http.impl.conn.Wire.wire(Wire.java:73)Forwarding maximizeCurrentWindow on session 08c7e438-4f3a-42b7-adfd-ca1794750711 to remoteorg.apache.http.wire - http-outgoing-1 >> "Accept-Encoding: gzip,deflate[\r][\n]"
2022-12-28 10:39:16  - [ DEBUG ]  org.apache.http.impl.conn.Wire.wire(Wire.java:73)Forwarding maximizeCurrentWindow on session 08c7e438-4f3a-42b7-adfd-ca1794750711 to remoteorg.apache.http.wire - http-outgoing-1 >> "[\r][\n]"
2022-12-28 10:39:16  - [ DEBUG ]  org.apache.http.impl.conn.Wire.wire(Wire.java:87)Forwarding maximizeCurrentWindow on session 08c7e438-4f3a-42b7-adfd-ca1794750711 to remoteorg.apache.http.wire - http-outgoing-1 >> "{}"
2022-12-28 10:39:20  - [ DEBUG ]  org.apache.http.impl.conn.Wire.wire(Wire.java:73)Forwarding maximizeCurrentWindow on session 08c7e438-4f3a-42b7-adfd-ca1794750711 to remoteorg.apache.http.wire - http-outgoing-1 << "HTTP/1.1 200 OK[\r][\n]"
2022-12-28 10:39:20  - [ DEBUG ]  org.apache.http.impl.conn.Wire.wire(Wire.java:73)Forwarding maximizeCurrentWindow on session 08c7e438-4f3a-42b7-adfd-ca1794750711 to remoteorg.apache.http.wire - http-outgoing-1 << "Connection: close[\r][\n]"
2022-12-28 10:39:20  - [ DEBUG ]  org.apache.http.impl.conn.Wire.wire(Wire.java:73)Forwarding maximizeCurrentWindow on session 08c7e438-4f3a-42b7-adfd-ca1794750711 to remoteorg.apache.http.wire - http-outgoing-1 << "Content-Type: application/json; charset=utf-8[\r][\n]"
2022-12-28 10:39:20  - [ DEBUG ]  org.apache.http.impl.conn.Wire.wire(Wire.java:73)Forwarding maximizeCurrentWindow on session 08c7e438-4f3a-42b7-adfd-ca1794750711 to remoteorg.apache.http.wire - http-outgoing-1 << "Cache-Control: no-cache[\r][\n]"
2022-12-28 10:39:20  - [ DEBUG ]  org.apache.http.impl.conn.Wire.wire(Wire.java:73)Forwarding maximizeCurrentWindow on session 08c7e438-4f3a-42b7-adfd-ca1794750711 to remoteorg.apache.http.wire - http-outgoing-1 << "Content-Length: 52[\r][\n]"
2022-12-28 10:39:20  - [ DEBUG ]  org.apache.http.impl.conn.Wire.wire(Wire.java:73)Forwarding maximizeCurrentWindow on session 08c7e438-4f3a-42b7-adfd-ca1794750711 to remoteorg.apache.http.wire - http-outgoing-1 << "Date: Wed, 28 Dec 2022 02:39:20 GMT[\r][\n]"
2022-12-28 10:39:20  - [ DEBUG ]  org.apache.http.impl.conn.Wire.wire(Wire.java:73)Forwarding maximizeCurrentWindow on session 08c7e438-4f3a-42b7-adfd-ca1794750711 to remoteorg.apache.http.wire - http-outgoing-1 << "[\r][\n]"
2022-12-28 10:39:20  - [ DEBUG ]  org.apache.http.impl.conn.Wire.wire(Wire.java:87)Forwarding maximizeCurrentWindow on session 08c7e438-4f3a-42b7-adfd-ca1794750711 to remoteorg.apache.http.wire - http-outgoing-1 << "{"value": {"height":744,"width":1382,"x":-8,"y":-8}}"
2022-12-28 10:39:20  - [ DEBUG ]  org.apache.http.impl.conn.LoggingManagedHttpClientConnection.onResponseReceived(LoggingManagedHttpClientConnection.java:122)Forwarding maximizeCurrentWindow on session 08c7e438-4f3a-42b7-adfd-ca1794750711 to remoteorg.apache.http.headers - http-outgoing-1 << HTTP/1.1 200 OK
2022-12-28 10:39:20  - [ DEBUG ]  org.apache.http.impl.conn.LoggingManagedHttpClientConnection.onResponseReceived(LoggingManagedHttpClientConnection.java:125)Forwarding maximizeCurrentWindow on session 08c7e438-4f3a-42b7-adfd-ca1794750711 to remoteorg.apache.http.headers - http-outgoing-1 << Connection: close
2022-12-28 10:39:20  - [ DEBUG ]  org.apache.http.impl.conn.LoggingManagedHttpClientConnection.onResponseReceived(LoggingManagedHttpClientConnection.java:125)Forwarding maximizeCurrentWindow on session 08c7e438-4f3a-42b7-adfd-ca1794750711 to remoteorg.apache.http.headers - http-outgoing-1 << Content-Type: application/json; charset=utf-8
2022-12-28 10:39:20  - [ DEBUG ]  org.apache.http.impl.conn.LoggingManagedHttpClientConnection.onResponseReceived(LoggingManagedHttpClientConnection.java:125)Forwarding maximizeCurrentWindow on session 08c7e438-4f3a-42b7-adfd-ca1794750711 to remoteorg.apache.http.headers - http-outgoing-1 << Cache-Control: no-cache
2022-12-28 10:39:20  - [ DEBUG ]  org.apache.http.impl.conn.LoggingManagedHttpClientConnection.onResponseReceived(LoggingManagedHttpClientConnection.java:125)Forwarding maximizeCurrentWindow on session 08c7e438-4f3a-42b7-adfd-ca1794750711 to remoteorg.apache.http.headers - http-outgoing-1 << Content-Length: 52
2022-12-28 10:39:20  - [ DEBUG ]  org.apache.http.impl.conn.LoggingManagedHttpClientConnection.onResponseReceived(LoggingManagedHttpClientConnection.java:125)Forwarding maximizeCurrentWindow on session 08c7e438-4f3a-42b7-adfd-ca1794750711 to remoteorg.apache.http.headers - http-outgoing-1 << Date: Wed, 28 Dec 2022 02:39:20 GMT
2022-12-28 10:39:20  - [ DEBUG ]  org.apache.http.impl.conn.LoggingManagedHttpClientConnection.close(LoggingManagedHttpClientConnection.java:79)Forwarding maximizeCurrentWindow on session 08c7e438-4f3a-42b7-adfd-ca1794750711 to remoteorg.apache.http.impl.conn.DefaultManagedHttpClientConnection - http-outgoing-1: Close connection
2022-12-28 10:39:20  - [ DEBUG ]  org.apache.http.impl.execchain.ConnectionHolder.releaseConnection(ConnectionHolder.java:104)Forwarding maximizeCurrentWindow on session 08c7e438-4f3a-42b7-adfd-ca1794750711 to remoteorg.apache.http.impl.execchain.MainClientExec - Connection discarded
2022-12-28 10:39:20  - [ DEBUG ]  org.apache.http.impl.conn.PoolingHttpClientConnectionManager.releaseConnection(PoolingHttpClientConnectionManager.java:326)Forwarding maximizeCurrentWindow on session 08c7e438-4f3a-42b7-adfd-ca1794750711 to remoteorg.apache.http.impl.conn.PoolingHttpClientConnectionManager - Connection released: [id: 1][route: {}->http://localhost:27159][total kept alive: 0; route allocated: 0 of 2000; total allocated: 0 of 2000]
2022-12-28 10:39:31  - [ DEBUG ]  imooc.runcase.SureSubmitCase.LoginSureSubmit(SureSubmitCase.java:46)mainimooc.runcase.SureSubmitCase - 开始执行第一个case
2022-12-28 10:39:31  - [ DEBUG ]  org.apache.http.client.protocol.RequestAddCookies.process(RequestAddCookies.java:123)Forwarding get on session 08c7e438-4f3a-42b7-adfd-ca1794750711 to remoteorg.apache.http.client.protocol.RequestAddCookies - CookieSpec selected: default
2022-12-28 10:39:31  - [ DEBUG ]  org.apache.http.client.protocol.RequestAuthCache.process(RequestAuthCache.java:77)Forwarding get on session 08c7e438-4f3a-42b7-adfd-ca1794750711 to remoteorg.apache.http.client.protocol.RequestAuthCache - Auth cache not set in the context
2022-12-28 10:39:31  - [ DEBUG ]  org.apache.http.impl.conn.PoolingHttpClientConnectionManager.requestConnection(PoolingHttpClientConnectionManager.java:255)Forwarding get on session 08c7e438-4f3a-42b7-adfd-ca1794750711 to remoteorg.apache.http.impl.conn.PoolingHttpClientConnectionManager - Connection request: [route: {}->http://localhost:27159][total kept alive: 0; route allocated: 0 of 2000; total allocated: 0 of 2000]
2022-12-28 10:39:31  - [ DEBUG ]  org.apache.http.impl.conn.PoolingHttpClientConnectionManager.leaseConnection(PoolingHttpClientConnectionManager.java:288)Forwarding get on session 08c7e438-4f3a-42b7-adfd-ca1794750711 to remoteorg.apache.http.impl.conn.PoolingHttpClientConnectionManager - Connection leased: [id: 2][route: {}->http://localhost:27159][total kept alive: 0; route allocated: 1 of 2000; total allocated: 1 of 2000]
2022-12-28 10:39:31  - [ DEBUG ]  org.apache.http.impl.execchain.MainClientExec.execute(MainClientExec.java:235)Forwarding get on session 08c7e438-4f3a-42b7-adfd-ca1794750711 to remoteorg.apache.http.impl.execchain.MainClientExec - Opening connection {}->http://localhost:27159
2022-12-28 10:39:31  - [ DEBUG ]  org.apache.http.impl.conn.DefaultHttpClientConnectionOperator.connect(DefaultHttpClientConnectionOperator.java:139)Forwarding get on session 08c7e438-4f3a-42b7-adfd-ca1794750711 to remoteorg.apache.http.impl.conn.DefaultHttpClientConnectionOperator - Connecting to localhost/127.0.0.1:27159
2022-12-28 10:39:31  - [ DEBUG ]  org.apache.http.impl.conn.DefaultHttpClientConnectionOperator.connect(DefaultHttpClientConnectionOperator.java:146)Forwarding get on session 08c7e438-4f3a-42b7-adfd-ca1794750711 to remoteorg.apache.http.impl.conn.DefaultHttpClientConnectionOperator - Connection established 127.0.0.1:58756<->127.0.0.1:27159
2022-12-28 10:39:31  - [ DEBUG ]  org.apache.http.impl.conn.LoggingManagedHttpClientConnection.setSocketTimeout(LoggingManagedHttpClientConnection.java:88)Forwarding get on session 08c7e438-4f3a-42b7-adfd-ca1794750711 to remoteorg.apache.http.impl.conn.DefaultManagedHttpClientConnection - http-outgoing-2: set socket timeout to 10800000
2022-12-28 10:39:31  - [ DEBUG ]  org.apache.http.impl.execchain.MainClientExec.execute(MainClientExec.java:256)Forwarding get on session 08c7e438-4f3a-42b7-adfd-ca1794750711 to remoteorg.apache.http.impl.execchain.MainClientExec - Executing request POST /session/08c7e438-4f3a-42b7-adfd-ca1794750711/url HTTP/1.1
2022-12-28 10:39:31  - [ DEBUG ]  org.apache.http.impl.execchain.MainClientExec.execute(MainClientExec.java:261)Forwarding get on session 08c7e438-4f3a-42b7-adfd-ca1794750711 to remoteorg.apache.http.impl.execchain.MainClientExec - Target auth state: UNCHALLENGED
2022-12-28 10:39:31  - [ DEBUG ]  org.apache.http.impl.execchain.MainClientExec.execute(MainClientExec.java:267)Forwarding get on session 08c7e438-4f3a-42b7-adfd-ca1794750711 to remoteorg.apache.http.impl.execchain.MainClientExec - Proxy auth state: UNCHALLENGED
2022-12-28 10:39:31  - [ DEBUG ]  org.apache.http.impl.conn.LoggingManagedHttpClientConnection.onRequestSubmitted(LoggingManagedHttpClientConnection.java:133)Forwarding get on session 08c7e438-4f3a-42b7-adfd-ca1794750711 to remoteorg.apache.http.headers - http-outgoing-2 >> POST /session/08c7e438-4f3a-42b7-adfd-ca1794750711/url HTTP/1.1
2022-12-28 10:39:31  - [ DEBUG ]  org.apache.http.impl.conn.LoggingManagedHttpClientConnection.onRequestSubmitted(LoggingManagedHttpClientConnection.java:136)Forwarding get on session 08c7e438-4f3a-42b7-adfd-ca1794750711 to remoteorg.apache.http.headers - http-outgoing-2 >> Content-Type: application/json; charset=utf-8
2022-12-28 10:39:31  - [ DEBUG ]  org.apache.http.impl.conn.LoggingManagedHttpClientConnection.onRequestSubmitted(LoggingManagedHttpClientConnection.java:136)Forwarding get on session 08c7e438-4f3a-42b7-adfd-ca1794750711 to remoteorg.apache.http.headers - http-outgoing-2 >> Content-Length: 71
2022-12-28 10:39:31  - [ DEBUG ]  org.apache.http.impl.conn.LoggingManagedHttpClientConnection.onRequestSubmitted(LoggingManagedHttpClientConnection.java:136)Forwarding get on session 08c7e438-4f3a-42b7-adfd-ca1794750711 to remoteorg.apache.http.headers - http-outgoing-2 >> Host: localhost:27159
2022-12-28 10:39:31  - [ DEBUG ]  org.apache.http.impl.conn.LoggingManagedHttpClientConnection.onRequestSubmitted(LoggingManagedHttpClientConnection.java:136)Forwarding get on session 08c7e438-4f3a-42b7-adfd-ca1794750711 to remoteorg.apache.http.headers - http-outgoing-2 >> Connection: Keep-Alive
2022-12-28 10:39:31  - [ DEBUG ]  org.apache.http.impl.conn.LoggingManagedHttpClientConnection.onRequestSubmitted(LoggingManagedHttpClientConnection.java:136)Forwarding get on session 08c7e438-4f3a-42b7-adfd-ca1794750711 to remoteorg.apache.http.headers - http-outgoing-2 >> User-Agent: Apache-HttpClient/4.5.3 (Java/1.8.0_144)
2022-12-28 10:39:31  - [ DEBUG ]  org.apache.http.impl.conn.LoggingManagedHttpClientConnection.onRequestSubmitted(LoggingManagedHttpClientConnection.java:136)Forwarding get on session 08c7e438-4f3a-42b7-adfd-ca1794750711 to remoteorg.apache.http.headers - http-outgoing-2 >> Accept-Encoding: gzip,deflate
2022-12-28 10:39:31  - [ DEBUG ]  org.apache.http.impl.conn.Wire.wire(Wire.java:73)Forwarding get on session 08c7e438-4f3a-42b7-adfd-ca1794750711 to remoteorg.apache.http.wire - http-outgoing-2 >> "POST /session/08c7e438-4f3a-42b7-adfd-ca1794750711/url HTTP/1.1[\r][\n]"
2022-12-28 10:39:31  - [ DEBUG ]  org.apache.http.impl.conn.Wire.wire(Wire.java:73)Forwarding get on session 08c7e438-4f3a-42b7-adfd-ca1794750711 to remoteorg.apache.http.wire - http-outgoing-2 >> "Content-Type: application/json; charset=utf-8[\r][\n]"
2022-12-28 10:39:31  - [ DEBUG ]  org.apache.http.impl.conn.Wire.wire(Wire.java:73)Forwarding get on session 08c7e438-4f3a-42b7-adfd-ca1794750711 to remoteorg.apache.http.wire - http-outgoing-2 >> "Content-Length: 71[\r][\n]"
2022-12-28 10:39:31  - [ DEBUG ]  org.apache.http.impl.conn.Wire.wire(Wire.java:73)Forwarding get on session 08c7e438-4f3a-42b7-adfd-ca1794750711 to remoteorg.apache.http.wire - http-outgoing-2 >> "Host: localhost:27159[\r][\n]"
2022-12-28 10:39:31  - [ DEBUG ]  org.apache.http.impl.conn.Wire.wire(Wire.java:73)Forwarding get on session 08c7e438-4f3a-42b7-adfd-ca1794750711 to remoteorg.apache.http.wire - http-outgoing-2 >> "Connection: Keep-Alive[\r][\n]"
2022-12-28 10:39:31  - [ DEBUG ]  org.apache.http.impl.conn.Wire.wire(Wire.java:73)Forwarding get on session 08c7e438-4f3a-42b7-adfd-ca1794750711 to remoteorg.apache.http.wire - http-outgoing-2 >> "User-Agent: Apache-HttpClient/4.5.3 (Java/1.8.0_144)[\r][\n]"
2022-12-28 10:39:31  - [ DEBUG ]  org.apache.http.impl.conn.Wire.wire(Wire.java:73)Forwarding get on session 08c7e438-4f3a-42b7-adfd-ca1794750711 to remoteorg.apache.http.wire - http-outgoing-2 >> "Accept-Encoding: gzip,deflate[\r][\n]"
2022-12-28 10:39:31  - [ DEBUG ]  org.apache.http.impl.conn.Wire.wire(Wire.java:73)Forwarding get on session 08c7e438-4f3a-42b7-adfd-ca1794750711 to remoteorg.apache.http.wire - http-outgoing-2 >> "[\r][\n]"
2022-12-28 10:39:31  - [ DEBUG ]  org.apache.http.impl.conn.Wire.wire(Wire.java:87)Forwarding get on session 08c7e438-4f3a-42b7-adfd-ca1794750711 to remoteorg.apache.http.wire - http-outgoing-2 >> "{"url":"https://order.imooc.com/pay/confirm?goods_ids=2878&from=carts"}"
2022-12-28 10:39:47  - [ DEBUG ]  org.apache.http.impl.conn.Wire.wire(Wire.java:73)Forwarding get on session 08c7e438-4f3a-42b7-adfd-ca1794750711 to remoteorg.apache.http.wire - http-outgoing-2 << "HTTP/1.1 200 OK[\r][\n]"
2022-12-28 10:39:47  - [ DEBUG ]  org.apache.http.impl.conn.Wire.wire(Wire.java:73)Forwarding get on session 08c7e438-4f3a-42b7-adfd-ca1794750711 to remoteorg.apache.http.wire - http-outgoing-2 << "Connection: close[\r][\n]"
2022-12-28 10:39:47  - [ DEBUG ]  org.apache.http.impl.conn.Wire.wire(Wire.java:73)Forwarding get on session 08c7e438-4f3a-42b7-adfd-ca1794750711 to remoteorg.apache.http.wire - http-outgoing-2 << "Content-Type: application/json; charset=utf-8[\r][\n]"
2022-12-28 10:39:47  - [ DEBUG ]  org.apache.http.impl.conn.Wire.wire(Wire.java:73)Forwarding get on session 08c7e438-4f3a-42b7-adfd-ca1794750711 to remoteorg.apache.http.wire - http-outgoing-2 << "Cache-Control: no-cache[\r][\n]"
2022-12-28 10:39:47  - [ DEBUG ]  org.apache.http.impl.conn.Wire.wire(Wire.java:73)Forwarding get on session 08c7e438-4f3a-42b7-adfd-ca1794750711 to remoteorg.apache.http.wire - http-outgoing-2 << "Content-Length: 13[\r][\n]"
2022-12-28 10:39:47  - [ DEBUG ]  org.apache.http.impl.conn.Wire.wire(Wire.java:73)Forwarding get on session 08c7e438-4f3a-42b7-adfd-ca1794750711 to remoteorg.apache.http.wire - http-outgoing-2 << "Date: Wed, 28 Dec 2022 02:39:47 GMT[\r][\n]"
2022-12-28 10:39:47  - [ DEBUG ]  org.apache.http.impl.conn.Wire.wire(Wire.java:73)Forwarding get on session 08c7e438-4f3a-42b7-adfd-ca1794750711 to remoteorg.apache.http.wire - http-outgoing-2 << "[\r][\n]"
2022-12-28 10:39:47  - [ DEBUG ]  org.apache.http.impl.conn.Wire.wire(Wire.java:87)Forwarding get on session 08c7e438-4f3a-42b7-adfd-ca1794750711 to remoteorg.apache.http.wire - http-outgoing-2 << "{"value": {}}"
2022-12-28 10:39:47  - [ DEBUG ]  org.apache.http.impl.conn.LoggingManagedHttpClientConnection.onResponseReceived(LoggingManagedHttpClientConnection.java:122)Forwarding get on session 08c7e438-4f3a-42b7-adfd-ca1794750711 to remoteorg.apache.http.headers - http-outgoing-2 << HTTP/1.1 200 OK
2022-12-28 10:39:47  - [ DEBUG ]  org.apache.http.impl.conn.LoggingManagedHttpClientConnection.onResponseReceived(LoggingManagedHttpClientConnection.java:125)Forwarding get on session 08c7e438-4f3a-42b7-adfd-ca1794750711 to remoteorg.apache.http.headers - http-outgoing-2 << Connection: close
2022-12-28 10:39:47  - [ DEBUG ]  org.apache.http.impl.conn.LoggingManagedHttpClientConnection.onResponseReceived(LoggingManagedHttpClientConnection.java:125)Forwarding get on session 08c7e438-4f3a-42b7-adfd-ca1794750711 to remoteorg.apache.http.headers - http-outgoing-2 << Content-Type: application/json; charset=utf-8
2022-12-28 10:39:47  - [ DEBUG ]  org.apache.http.impl.conn.LoggingManagedHttpClientConnection.onResponseReceived(LoggingManagedHttpClientConnection.java:125)Forwarding get on session 08c7e438-4f3a-42b7-adfd-ca1794750711 to remoteorg.apache.http.headers - http-outgoing-2 << Cache-Control: no-cache
2022-12-28 10:39:47  - [ DEBUG ]  org.apache.http.impl.conn.LoggingManagedHttpClientConnection.onResponseReceived(LoggingManagedHttpClientConnection.java:125)Forwarding get on session 08c7e438-4f3a-42b7-adfd-ca1794750711 to remoteorg.apache.http.headers - http-outgoing-2 << Content-Length: 13
2022-12-28 10:39:47  - [ DEBUG ]  org.apache.http.impl.conn.LoggingManagedHttpClientConnection.onResponseReceived(LoggingManagedHttpClientConnection.java:125)Forwarding get on session 08c7e438-4f3a-42b7-adfd-ca1794750711 to remoteorg.apache.http.headers - http-outgoing-2 << Date: Wed, 28 Dec 2022 02:39:47 GMT
2022-12-28 10:39:47  - [ DEBUG ]  org.apache.http.impl.conn.LoggingManagedHttpClientConnection.close(LoggingManagedHttpClientConnection.java:79)Forwarding get on session 08c7e438-4f3a-42b7-adfd-ca1794750711 to remoteorg.apache.http.impl.conn.DefaultManagedHttpClientConnection - http-outgoing-2: Close connection
2022-12-28 10:39:47  - [ DEBUG ]  org.apache.http.impl.execchain.ConnectionHolder.releaseConnection(ConnectionHolder.java:104)Forwarding get on session 08c7e438-4f3a-42b7-adfd-ca1794750711 to remoteorg.apache.http.impl.execchain.MainClientExec - Connection discarded
2022-12-28 10:39:47  - [ DEBUG ]  org.apache.http.impl.conn.PoolingHttpClientConnectionManager.releaseConnection(PoolingHttpClientConnectionManager.java:326)Forwarding get on session 08c7e438-4f3a-42b7-adfd-ca1794750711 to remoteorg.apache.http.impl.conn.PoolingHttpClientConnectionManager - Connection released: [id: 2][route: {}->http://localhost:27159][total kept alive: 0; route allocated: 0 of 2000; total allocated: 0 of 2000]
2022-12-28 10:39:50  - [ DEBUG ]  org.apache.http.client.protocol.RequestAddCookies.process(RequestAddCookies.java:123)Forwarding deleteAllCookies on session 08c7e438-4f3a-42b7-adfd-ca1794750711 to remoteorg.apache.http.client.protocol.RequestAddCookies - CookieSpec selected: default
2022-12-28 10:39:50  - [ DEBUG ]  org.apache.http.client.protocol.RequestAuthCache.process(RequestAuthCache.java:77)Forwarding deleteAllCookies on session 08c7e438-4f3a-42b7-adfd-ca1794750711 to remoteorg.apache.http.client.protocol.RequestAuthCache - Auth cache not set in the context
2022-12-28 10:39:50  - [ DEBUG ]  org.apache.http.impl.conn.PoolingHttpClientConnectionManager.requestConnection(PoolingHttpClientConnectionManager.java:255)Forwarding deleteAllCookies on session 08c7e438-4f3a-42b7-adfd-ca1794750711 to remoteorg.apache.http.impl.conn.PoolingHttpClientConnectionManager - Connection request: [route: {}->http://localhost:27159][total kept alive: 0; route allocated: 0 of 2000; total allocated: 0 of 2000]
2022-12-28 10:39:50  - [ DEBUG ]  org.apache.http.impl.conn.PoolingHttpClientConnectionManager.leaseConnection(PoolingHttpClientConnectionManager.java:288)Forwarding deleteAllCookies on session 08c7e438-4f3a-42b7-adfd-ca1794750711 to remoteorg.apache.http.impl.conn.PoolingHttpClientConnectionManager - Connection leased: [id: 3][route: {}->http://localhost:27159][total kept alive: 0; route allocated: 1 of 2000; total allocated: 1 of 2000]
2022-12-28 10:39:50  - [ DEBUG ]  org.apache.http.impl.execchain.MainClientExec.execute(MainClientExec.java:235)Forwarding deleteAllCookies on session 08c7e438-4f3a-42b7-adfd-ca1794750711 to remoteorg.apache.http.impl.execchain.MainClientExec - Opening connection {}->http://localhost:27159
2022-12-28 10:39:50  - [ DEBUG ]  org.apache.http.impl.conn.DefaultHttpClientConnectionOperator.connect(DefaultHttpClientConnectionOperator.java:139)Forwarding deleteAllCookies on session 08c7e438-4f3a-42b7-adfd-ca1794750711 to remoteorg.apache.http.impl.conn.DefaultHttpClientConnectionOperator - Connecting to localhost/127.0.0.1:27159
2022-12-28 10:39:50  - [ DEBUG ]  org.apache.http.impl.conn.DefaultHttpClientConnectionOperator.connect(DefaultHttpClientConnectionOperator.java:146)Forwarding deleteAllCookies on session 08c7e438-4f3a-42b7-adfd-ca1794750711 to remoteorg.apache.http.impl.conn.DefaultHttpClientConnectionOperator - Connection established 127.0.0.1:58800<->127.0.0.1:27159
2022-12-28 10:39:50  - [ DEBUG ]  org.apache.http.impl.conn.LoggingManagedHttpClientConnection.setSocketTimeout(LoggingManagedHttpClientConnection.java:88)Forwarding deleteAllCookies on session 08c7e438-4f3a-42b7-adfd-ca1794750711 to remoteorg.apache.http.impl.conn.DefaultManagedHttpClientConnection - http-outgoing-3: set socket timeout to 10800000
2022-12-28 10:39:50  - [ DEBUG ]  org.apache.http.impl.execchain.MainClientExec.execute(MainClientExec.java:256)Forwarding deleteAllCookies on session 08c7e438-4f3a-42b7-adfd-ca1794750711 to remoteorg.apache.http.impl.execchain.MainClientExec - Executing request DELETE /session/08c7e438-4f3a-42b7-adfd-ca1794750711/cookie HTTP/1.1
2022-12-28 10:39:50  - [ DEBUG ]  org.apache.http.impl.execchain.MainClientExec.execute(MainClientExec.java:261)Forwarding deleteAllCookies on session 08c7e438-4f3a-42b7-adfd-ca1794750711 to remoteorg.apache.http.impl.execchain.MainClientExec - Target auth state: UNCHALLENGED
2022-12-28 10:39:50  - [ DEBUG ]  org.apache.http.impl.execchain.MainClientExec.execute(MainClientExec.java:267)Forwarding deleteAllCookies on session 08c7e438-4f3a-42b7-adfd-ca1794750711 to remoteorg.apache.http.impl.execchain.MainClientExec - Proxy auth state: UNCHALLENGED
2022-12-28 10:39:50  - [ DEBUG ]  org.apache.http.impl.conn.LoggingManagedHttpClientConnection.onRequestSubmitted(LoggingManagedHttpClientConnection.java:133)Forwarding deleteAllCookies on session 08c7e438-4f3a-42b7-adfd-ca1794750711 to remoteorg.apache.http.headers - http-outgoing-3 >> DELETE /session/08c7e438-4f3a-42b7-adfd-ca1794750711/cookie HTTP/1.1
2022-12-28 10:39:50  - [ DEBUG ]  org.apache.http.impl.conn.LoggingManagedHttpClientConnection.onRequestSubmitted(LoggingManagedHttpClientConnection.java:136)Forwarding deleteAllCookies on session 08c7e438-4f3a-42b7-adfd-ca1794750711 to remoteorg.apache.http.headers - http-outgoing-3 >> Host: localhost:27159
2022-12-28 10:39:50  - [ DEBUG ]  org.apache.http.impl.conn.LoggingManagedHttpClientConnection.onRequestSubmitted(LoggingManagedHttpClientConnection.java:136)Forwarding deleteAllCookies on session 08c7e438-4f3a-42b7-adfd-ca1794750711 to remoteorg.apache.http.headers - http-outgoing-3 >> Connection: Keep-Alive
2022-12-28 10:39:50  - [ DEBUG ]  org.apache.http.impl.conn.LoggingManagedHttpClientConnection.onRequestSubmitted(LoggingManagedHttpClientConnection.java:136)Forwarding deleteAllCookies on session 08c7e438-4f3a-42b7-adfd-ca1794750711 to remoteorg.apache.http.headers - http-outgoing-3 >> User-Agent: Apache-HttpClient/4.5.3 (Java/1.8.0_144)
2022-12-28 10:39:50  - [ DEBUG ]  org.apache.http.impl.conn.LoggingManagedHttpClientConnection.onRequestSubmitted(LoggingManagedHttpClientConnection.java:136)Forwarding deleteAllCookies on session 08c7e438-4f3a-42b7-adfd-ca1794750711 to remoteorg.apache.http.headers - http-outgoing-3 >> Accept-Encoding: gzip,deflate
2022-12-28 10:39:50  - [ DEBUG ]  org.apache.http.impl.conn.Wire.wire(Wire.java:73)Forwarding deleteAllCookies on session 08c7e438-4f3a-42b7-adfd-ca1794750711 to remoteorg.apache.http.wire - http-outgoing-3 >> "DELETE /session/08c7e438-4f3a-42b7-adfd-ca1794750711/cookie HTTP/1.1[\r][\n]"
2022-12-28 10:39:50  - [ DEBUG ]  org.apache.http.impl.conn.Wire.wire(Wire.java:73)Forwarding deleteAllCookies on session 08c7e438-4f3a-42b7-adfd-ca1794750711 to remoteorg.apache.http.wire - http-outgoing-3 >> "Host: localhost:27159[\r][\n]"
2022-12-28 10:39:50  - [ DEBUG ]  org.apache.http.impl.conn.Wire.wire(Wire.java:73)Forwarding deleteAllCookies on session 08c7e438-4f3a-42b7-adfd-ca1794750711 to remoteorg.apache.http.wire - http-outgoing-3 >> "Connection: Keep-Alive[\r][\n]"
2022-12-28 10:39:50  - [ DEBUG ]  org.apache.http.impl.conn.Wire.wire(Wire.java:73)Forwarding deleteAllCookies on session 08c7e438-4f3a-42b7-adfd-ca1794750711 to remoteorg.apache.http.wire - http-outgoing-3 >> "User-Agent: Apache-HttpClient/4.5.3 (Java/1.8.0_144)[\r][\n]"
2022-12-28 10:39:50  - [ DEBUG ]  org.apache.http.impl.conn.Wire.wire(Wire.java:73)Forwarding deleteAllCookies on session 08c7e438-4f3a-42b7-adfd-ca1794750711 to remoteorg.apache.http.wire - http-outgoing-3 >> "Accept-Encoding: gzip,deflate[\r][\n]"
2022-12-28 10:39:50  - [ DEBUG ]  org.apache.http.impl.conn.Wire.wire(Wire.java:73)Forwarding deleteAllCookies on session 08c7e438-4f3a-42b7-adfd-ca1794750711 to remoteorg.apache.http.wire - http-outgoing-3 >> "[\r][\n]"
2022-12-28 10:39:50  - [ DEBUG ]  org.apache.http.impl.conn.Wire.wire(Wire.java:73)Forwarding deleteAllCookies on session 08c7e438-4f3a-42b7-adfd-ca1794750711 to remoteorg.apache.http.wire - http-outgoing-3 << "HTTP/1.1 200 OK[\r][\n]"
2022-12-28 10:39:50  - [ DEBUG ]  org.apache.http.impl.conn.Wire.wire(Wire.java:73)Forwarding deleteAllCookies on session 08c7e438-4f3a-42b7-adfd-ca1794750711 to remoteorg.apache.http.wire - http-outgoing-3 << "Connection: close[\r][\n]"
2022-12-28 10:39:50  - [ DEBUG ]  org.apache.http.impl.conn.Wire.wire(Wire.java:73)Forwarding deleteAllCookies on session 08c7e438-4f3a-42b7-adfd-ca1794750711 to remoteorg.apache.http.wire - http-outgoing-3 << "Content-Type: application/json; charset=utf-8[\r][\n]"
2022-12-28 10:39:50  - [ DEBUG ]  org.apache.http.impl.conn.Wire.wire(Wire.java:73)Forwarding deleteAllCookies on session 08c7e438-4f3a-42b7-adfd-ca1794750711 to remoteorg.apache.http.wire - http-outgoing-3 << "Cache-Control: no-cache[\r][\n]"
2022-12-28 10:39:50  - [ DEBUG ]  org.apache.http.impl.conn.Wire.wire(Wire.java:73)Forwarding deleteAllCookies on session 08c7e438-4f3a-42b7-adfd-ca1794750711 to remoteorg.apache.http.wire - http-outgoing-3 << "Content-Length: 13[\r][\n]"
2022-12-28 10:39:50  - [ DEBUG ]  org.apache.http.impl.conn.Wire.wire(Wire.java:73)Forwarding deleteAllCookies on session 08c7e438-4f3a-42b7-adfd-ca1794750711 to remoteorg.apache.http.wire - http-outgoing-3 << "Date: Wed, 28 Dec 2022 02:39:50 GMT[\r][\n]"
2022-12-28 10:39:50  - [ DEBUG ]  org.apache.http.impl.conn.Wire.wire(Wire.java:73)Forwarding deleteAllCookies on session 08c7e438-4f3a-42b7-adfd-ca1794750711 to remoteorg.apache.http.wire - http-outgoing-3 << "[\r][\n]"
2022-12-28 10:39:50  - [ DEBUG ]  org.apache.http.impl.conn.Wire.wire(Wire.java:87)Forwarding deleteAllCookies on session 08c7e438-4f3a-42b7-adfd-ca1794750711 to remoteorg.apache.http.wire - http-outgoing-3 << "{"value": {}}"
2022-12-28 10:39:50  - [ DEBUG ]  org.apache.http.impl.conn.LoggingManagedHttpClientConnection.onResponseReceived(LoggingManagedHttpClientConnection.java:122)Forwarding deleteAllCookies on session 08c7e438-4f3a-42b7-adfd-ca1794750711 to remoteorg.apache.http.headers - http-outgoing-3 << HTTP/1.1 200 OK
2022-12-28 10:39:50  - [ DEBUG ]  org.apache.http.impl.conn.LoggingManagedHttpClientConnection.onResponseReceived(LoggingManagedHttpClientConnection.java:125)Forwarding deleteAllCookies on session 08c7e438-4f3a-42b7-adfd-ca1794750711 to remoteorg.apache.http.headers - http-outgoing-3 << Connection: close
2022-12-28 10:39:50  - [ DEBUG ]  org.apache.http.impl.conn.LoggingManagedHttpClientConnection.onResponseReceived(LoggingManagedHttpClientConnection.java:125)Forwarding deleteAllCookies on session 08c7e438-4f3a-42b7-adfd-ca1794750711 to remoteorg.apache.http.headers - http-outgoing-3 << Content-Type: application/json; charset=utf-8
2022-12-28 10:39:50  - [ DEBUG ]  org.apache.http.impl.conn.LoggingManagedHttpClientConnection.onResponseReceived(LoggingManagedHttpClientConnection.java:125)Forwarding deleteAllCookies on session 08c7e438-4f3a-42b7-adfd-ca1794750711 to remoteorg.apache.http.headers - http-outgoing-3 << Cache-Control: no-cache
2022-12-28 10:39:50  - [ DEBUG ]  org.apache.http.impl.conn.LoggingManagedHttpClientConnection.onResponseReceived(LoggingManagedHttpClientConnection.java:125)Forwarding deleteAllCookies on session 08c7e438-4f3a-42b7-adfd-ca1794750711 to remoteorg.apache.http.headers - http-outgoing-3 << Content-Length: 13
2022-12-28 10:39:50  - [ DEBUG ]  org.apache.http.impl.conn.LoggingManagedHttpClientConnection.onResponseReceived(LoggingManagedHttpClientConnection.java:125)Forwarding deleteAllCookies on session 08c7e438-4f3a-42b7-adfd-ca1794750711 to remoteorg.apache.http.headers - http-outgoing-3 << Date: Wed, 28 Dec 2022 02:39:50 GMT
2022-12-28 10:39:50  - [ DEBUG ]  org.apache.http.impl.conn.LoggingManagedHttpClientConnection.close(LoggingManagedHttpClientConnection.java:79)Forwarding deleteAllCookies on session 08c7e438-4f3a-42b7-adfd-ca1794750711 to remoteorg.apache.http.impl.conn.DefaultManagedHttpClientConnection - http-outgoing-3: Close connection
2022-12-28 10:39:50  - [ DEBUG ]  org.apache.http.impl.execchain.ConnectionHolder.releaseConnection(ConnectionHolder.java:104)Forwarding deleteAllCookies on session 08c7e438-4f3a-42b7-adfd-ca1794750711 to remoteorg.apache.http.impl.execchain.MainClientExec - Connection discarded
2022-12-28 10:39:50  - [ DEBUG ]  org.apache.http.impl.conn.PoolingHttpClientConnectionManager.releaseConnection(PoolingHttpClientConnectionManager.java:326)Forwarding deleteAllCookies on session 08c7e438-4f3a-42b7-adfd-ca1794750711 to remoteorg.apache.http.impl.conn.PoolingHttpClientConnectionManager - Connection released: [id: 3][route: {}->http://localhost:27159][total kept alive: 0; route allocated: 0 of 2000; total allocated: 0 of 2000]
2022-12-28 10:39:50  - [ DEBUG ]  org.apache.http.client.protocol.RequestAddCookies.process(RequestAddCookies.java:123)Forwarding getCookies on session 08c7e438-4f3a-42b7-adfd-ca1794750711 to remoteorg.apache.http.client.protocol.RequestAddCookies - CookieSpec selected: default
2022-12-28 10:39:50  - [ DEBUG ]  org.apache.http.client.protocol.RequestAuthCache.process(RequestAuthCache.java:77)Forwarding getCookies on session 08c7e438-4f3a-42b7-adfd-ca1794750711 to remoteorg.apache.http.client.protocol.RequestAuthCache - Auth cache not set in the context
2022-12-28 10:39:50  - [ DEBUG ]  org.apache.http.impl.conn.PoolingHttpClientConnectionManager.requestConnection(PoolingHttpClientConnectionManager.java:255)Forwarding getCookies on session 08c7e438-4f3a-42b7-adfd-ca1794750711 to remoteorg.apache.http.impl.conn.PoolingHttpClientConnectionManager - Connection request: [route: {}->http://localhost:27159][total kept alive: 0; route allocated: 0 of 2000; total allocated: 0 of 2000]
2022-12-28 10:39:50  - [ DEBUG ]  org.apache.http.impl.conn.PoolingHttpClientConnectionManager.leaseConnection(PoolingHttpClientConnectionManager.java:288)Forwarding getCookies on session 08c7e438-4f3a-42b7-adfd-ca1794750711 to remoteorg.apache.http.impl.conn.PoolingHttpClientConnectionManager - Connection leased: [id: 4][route: {}->http://localhost:27159][total kept alive: 0; route allocated: 1 of 2000; total allocated: 1 of 2000]
2022-12-28 10:39:50  - [ DEBUG ]  org.apache.http.impl.execchain.MainClientExec.execute(MainClientExec.java:235)Forwarding getCookies on session 08c7e438-4f3a-42b7-adfd-ca1794750711 to remoteorg.apache.http.impl.execchain.MainClientExec - Opening connection {}->http://localhost:27159
2022-12-28 10:39:50  - [ DEBUG ]  org.apache.http.impl.conn.DefaultHttpClientConnectionOperator.connect(DefaultHttpClientConnectionOperator.java:139)Forwarding getCookies on session 08c7e438-4f3a-42b7-adfd-ca1794750711 to remoteorg.apache.http.impl.conn.DefaultHttpClientConnectionOperator - Connecting to localhost/127.0.0.1:27159
2022-12-28 10:39:50  - [ DEBUG ]  org.apache.http.impl.conn.DefaultHttpClientConnectionOperator.connect(DefaultHttpClientConnectionOperator.java:146)Forwarding getCookies on session 08c7e438-4f3a-42b7-adfd-ca1794750711 to remoteorg.apache.http.impl.conn.DefaultHttpClientConnectionOperator - Connection established 127.0.0.1:58801<->127.0.0.1:27159
2022-12-28 10:39:50  - [ DEBUG ]  org.apache.http.impl.conn.LoggingManagedHttpClientConnection.setSocketTimeout(LoggingManagedHttpClientConnection.java:88)Forwarding getCookies on session 08c7e438-4f3a-42b7-adfd-ca1794750711 to remoteorg.apache.http.impl.conn.DefaultManagedHttpClientConnection - http-outgoing-4: set socket timeout to 10800000
2022-12-28 10:39:50  - [ DEBUG ]  org.apache.http.impl.execchain.MainClientExec.execute(MainClientExec.java:256)Forwarding getCookies on session 08c7e438-4f3a-42b7-adfd-ca1794750711 to remoteorg.apache.http.impl.execchain.MainClientExec - Executing request GET /session/08c7e438-4f3a-42b7-adfd-ca1794750711/cookie HTTP/1.1
2022-12-28 10:39:50  - [ DEBUG ]  org.apache.http.impl.execchain.MainClientExec.execute(MainClientExec.java:261)Forwarding getCookies on session 08c7e438-4f3a-42b7-adfd-ca1794750711 to remoteorg.apache.http.impl.execchain.MainClientExec - Target auth state: UNCHALLENGED
2022-12-28 10:39:50  - [ DEBUG ]  org.apache.http.impl.execchain.MainClientExec.execute(MainClientExec.java:267)Forwarding getCookies on session 08c7e438-4f3a-42b7-adfd-ca1794750711 to remoteorg.apache.http.impl.execchain.MainClientExec - Proxy auth state: UNCHALLENGED
2022-12-28 10:39:50  - [ DEBUG ]  org.apache.http.impl.conn.LoggingManagedHttpClientConnection.onRequestSubmitted(LoggingManagedHttpClientConnection.java:133)Forwarding getCookies on session 08c7e438-4f3a-42b7-adfd-ca1794750711 to remoteorg.apache.http.headers - http-outgoing-4 >> GET /session/08c7e438-4f3a-42b7-adfd-ca1794750711/cookie HTTP/1.1
2022-12-28 10:39:50  - [ DEBUG ]  org.apache.http.impl.conn.LoggingManagedHttpClientConnection.onRequestSubmitted(LoggingManagedHttpClientConnection.java:136)Forwarding getCookies on session 08c7e438-4f3a-42b7-adfd-ca1794750711 to remoteorg.apache.http.headers - http-outgoing-4 >> Cache-Control: no-cache
2022-12-28 10:39:50  - [ DEBUG ]  org.apache.http.impl.conn.LoggingManagedHttpClientConnection.onRequestSubmitted(LoggingManagedHttpClientConnection.java:136)Forwarding getCookies on session 08c7e438-4f3a-42b7-adfd-ca1794750711 to remoteorg.apache.http.headers - http-outgoing-4 >> Host: localhost:27159
2022-12-28 10:39:50  - [ DEBUG ]  org.apache.http.impl.conn.LoggingManagedHttpClientConnection.onRequestSubmitted(LoggingManagedHttpClientConnection.java:136)Forwarding getCookies on session 08c7e438-4f3a-42b7-adfd-ca1794750711 to remoteorg.apache.http.headers - http-outgoing-4 >> Connection: Keep-Alive
2022-12-28 10:39:50  - [ DEBUG ]  org.apache.http.impl.conn.LoggingManagedHttpClientConnection.onRequestSubmitted(LoggingManagedHttpClientConnection.java:136)Forwarding getCookies on session 08c7e438-4f3a-42b7-adfd-ca1794750711 to remoteorg.apache.http.headers - http-outgoing-4 >> User-Agent: Apache-HttpClient/4.5.3 (Java/1.8.0_144)
2022-12-28 10:39:50  - [ DEBUG ]  org.apache.http.impl.conn.LoggingManagedHttpClientConnection.onRequestSubmitted(LoggingManagedHttpClientConnection.java:136)Forwarding getCookies on session 08c7e438-4f3a-42b7-adfd-ca1794750711 to remoteorg.apache.http.headers - http-outgoing-4 >> Accept-Encoding: gzip,deflate
2022-12-28 10:39:50  - [ DEBUG ]  org.apache.http.impl.conn.Wire.wire(Wire.java:73)Forwarding getCookies on session 08c7e438-4f3a-42b7-adfd-ca1794750711 to remoteorg.apache.http.wire - http-outgoing-4 >> "GET /session/08c7e438-4f3a-42b7-adfd-ca1794750711/cookie HTTP/1.1[\r][\n]"
2022-12-28 10:39:50  - [ DEBUG ]  org.apache.http.impl.conn.Wire.wire(Wire.java:73)Forwarding getCookies on session 08c7e438-4f3a-42b7-adfd-ca1794750711 to remoteorg.apache.http.wire - http-outgoing-4 >> "Cache-Control: no-cache[\r][\n]"
2022-12-28 10:39:50  - [ DEBUG ]  org.apache.http.impl.conn.Wire.wire(Wire.java:73)Forwarding getCookies on session 08c7e438-4f3a-42b7-adfd-ca1794750711 to remoteorg.apache.http.wire - http-outgoing-4 >> "Host: localhost:27159[\r][\n]"
2022-12-28 10:39:50  - [ DEBUG ]  org.apache.http.impl.conn.Wire.wire(Wire.java:73)Forwarding getCookies on session 08c7e438-4f3a-42b7-adfd-ca1794750711 to remoteorg.apache.http.wire - http-outgoing-4 >> "Connection: Keep-Alive[\r][\n]"
2022-12-28 10:39:50  - [ DEBUG ]  org.apache.http.impl.conn.Wire.wire(Wire.java:73)Forwarding getCookies on session 08c7e438-4f3a-42b7-adfd-ca1794750711 to remoteorg.apache.http.wire - http-outgoing-4 >> "User-Agent: Apache-HttpClient/4.5.3 (Java/1.8.0_144)[\r][\n]"
2022-12-28 10:39:50  - [ DEBUG ]  org.apache.http.impl.conn.Wire.wire(Wire.java:73)Forwarding getCookies on session 08c7e438-4f3a-42b7-adfd-ca1794750711 to remoteorg.apache.http.wire - http-outgoing-4 >> "Accept-Encoding: gzip,deflate[\r][\n]"
2022-12-28 10:39:50  - [ DEBUG ]  org.apache.http.impl.conn.Wire.wire(Wire.java:73)Forwarding getCookies on session 08c7e438-4f3a-42b7-adfd-ca1794750711 to remoteorg.apache.http.wire - http-outgoing-4 >> "[\r][\n]"
2022-12-28 10:39:50  - [ DEBUG ]  org.apache.http.impl.conn.Wire.wire(Wire.java:73)Forwarding getCookies on session 08c7e438-4f3a-42b7-adfd-ca1794750711 to remoteorg.apache.http.wire - http-outgoing-4 << "HTTP/1.1 200 OK[\r][\n]"
2022-12-28 10:39:50  - [ DEBUG ]  org.apache.http.impl.conn.Wire.wire(Wire.java:73)Forwarding getCookies on session 08c7e438-4f3a-42b7-adfd-ca1794750711 to remoteorg.apache.http.wire - http-outgoing-4 << "Connection: close[\r][\n]"
2022-12-28 10:39:50  - [ DEBUG ]  org.apache.http.impl.conn.Wire.wire(Wire.java:73)Forwarding getCookies on session 08c7e438-4f3a-42b7-adfd-ca1794750711 to remoteorg.apache.http.wire - http-outgoing-4 << "Content-Type: application/json; charset=utf-8[\r][\n]"
2022-12-28 10:39:50  - [ DEBUG ]  org.apache.http.impl.conn.Wire.wire(Wire.java:73)Forwarding getCookies on session 08c7e438-4f3a-42b7-adfd-ca1794750711 to remoteorg.apache.http.wire - http-outgoing-4 << "Cache-Control: no-cache[\r][\n]"
2022-12-28 10:39:50  - [ DEBUG ]  org.apache.http.impl.conn.Wire.wire(Wire.java:73)Forwarding getCookies on session 08c7e438-4f3a-42b7-adfd-ca1794750711 to remoteorg.apache.http.wire - http-outgoing-4 << "Content-Length: 12[\r][\n]"
2022-12-28 10:39:50  - [ DEBUG ]  org.apache.http.impl.conn.Wire.wire(Wire.java:73)Forwarding getCookies on session 08c7e438-4f3a-42b7-adfd-ca1794750711 to remoteorg.apache.http.wire - http-outgoing-4 << "Date: Wed, 28 Dec 2022 02:39:50 GMT[\r][\n]"
2022-12-28 10:39:50  - [ DEBUG ]  org.apache.http.impl.conn.Wire.wire(Wire.java:73)Forwarding getCookies on session 08c7e438-4f3a-42b7-adfd-ca1794750711 to remoteorg.apache.http.wire - http-outgoing-4 << "[\r][\n]"
2022-12-28 10:39:50  - [ DEBUG ]  org.apache.http.impl.conn.Wire.wire(Wire.java:87)Forwarding getCookies on session 08c7e438-4f3a-42b7-adfd-ca1794750711 to remoteorg.apache.http.wire - http-outgoing-4 << "{"value":[]}"
2022-12-28 10:39:50  - [ DEBUG ]  org.apache.http.impl.conn.LoggingManagedHttpClientConnection.onResponseReceived(LoggingManagedHttpClientConnection.java:122)Forwarding getCookies on session 08c7e438-4f3a-42b7-adfd-ca1794750711 to remoteorg.apache.http.headers - http-outgoing-4 << HTTP/1.1 200 OK
2022-12-28 10:39:50  - [ DEBUG ]  org.apache.http.impl.conn.LoggingManagedHttpClientConnection.onResponseReceived(LoggingManagedHttpClientConnection.java:125)Forwarding getCookies on session 08c7e438-4f3a-42b7-adfd-ca1794750711 to remoteorg.apache.http.headers - http-outgoing-4 << Connection: close
2022-12-28 10:39:50  - [ DEBUG ]  org.apache.http.impl.conn.LoggingManagedHttpClientConnection.onResponseReceived(LoggingManagedHttpClientConnection.java:125)Forwarding getCookies on session 08c7e438-4f3a-42b7-adfd-ca1794750711 to remoteorg.apache.http.headers - http-outgoing-4 << Content-Type: application/json; charset=utf-8
2022-12-28 10:39:50  - [ DEBUG ]  org.apache.http.impl.conn.LoggingManagedHttpClientConnection.onResponseReceived(LoggingManagedHttpClientConnection.java:125)Forwarding getCookies on session 08c7e438-4f3a-42b7-adfd-ca1794750711 to remoteorg.apache.http.headers - http-outgoing-4 << Cache-Control: no-cache
2022-12-28 10:39:50  - [ DEBUG ]  org.apache.http.impl.conn.LoggingManagedHttpClientConnection.onResponseReceived(LoggingManagedHttpClientConnection.java:125)Forwarding getCookies on session 08c7e438-4f3a-42b7-adfd-ca1794750711 to remoteorg.apache.http.headers - http-outgoing-4 << Content-Length: 12
2022-12-28 10:39:50  - [ DEBUG ]  org.apache.http.impl.conn.LoggingManagedHttpClientConnection.onResponseReceived(LoggingManagedHttpClientConnection.java:125)Forwarding getCookies on session 08c7e438-4f3a-42b7-adfd-ca1794750711 to remoteorg.apache.http.headers - http-outgoing-4 << Date: Wed, 28 Dec 2022 02:39:50 GMT
2022-12-28 10:39:50  - [ DEBUG ]  org.apache.http.impl.conn.LoggingManagedHttpClientConnection.close(LoggingManagedHttpClientConnection.java:79)Forwarding getCookies on session 08c7e438-4f3a-42b7-adfd-ca1794750711 to remoteorg.apache.http.impl.conn.DefaultManagedHttpClientConnection - http-outgoing-4: Close connection
2022-12-28 10:39:50  - [ DEBUG ]  org.apache.http.impl.execchain.ConnectionHolder.releaseConnection(ConnectionHolder.java:104)Forwarding getCookies on session 08c7e438-4f3a-42b7-adfd-ca1794750711 to remoteorg.apache.http.impl.execchain.MainClientExec - Connection discarded
2022-12-28 10:39:50  - [ DEBUG ]  org.apache.http.impl.conn.PoolingHttpClientConnectionManager.releaseConnection(PoolingHttpClientConnectionManager.java:326)Forwarding getCookies on session 08c7e438-4f3a-42b7-adfd-ca1794750711 to remoteorg.apache.http.impl.conn.PoolingHttpClientConnectionManager - Connection released: [id: 4][route: {}->http://localhost:27159][total kept alive: 0; route allocated: 0 of 2000; total allocated: 0 of 2000]
2022-12-28 10:39:51  - [ DEBUG ]  org.apache.http.client.protocol.RequestAddCookies.process(RequestAddCookies.java:123)Forwarding close on session 08c7e438-4f3a-42b7-adfd-ca1794750711 to remoteorg.apache.http.client.protocol.RequestAddCookies - CookieSpec selected: default
2022-12-28 10:39:51  - [ DEBUG ]  org.apache.http.client.protocol.RequestAuthCache.process(RequestAuthCache.java:77)Forwarding close on session 08c7e438-4f3a-42b7-adfd-ca1794750711 to remoteorg.apache.http.client.protocol.RequestAuthCache - Auth cache not set in the context
2022-12-28 10:39:51  - [ DEBUG ]  org.apache.http.impl.conn.PoolingHttpClientConnectionManager.requestConnection(PoolingHttpClientConnectionManager.java:255)Forwarding close on session 08c7e438-4f3a-42b7-adfd-ca1794750711 to remoteorg.apache.http.impl.conn.PoolingHttpClientConnectionManager - Connection request: [route: {}->http://localhost:27159][total kept alive: 0; route allocated: 0 of 2000; total allocated: 0 of 2000]
2022-12-28 10:39:51  - [ DEBUG ]  org.apache.http.impl.conn.PoolingHttpClientConnectionManager.leaseConnection(PoolingHttpClientConnectionManager.java:288)Forwarding close on session 08c7e438-4f3a-42b7-adfd-ca1794750711 to remoteorg.apache.http.impl.conn.PoolingHttpClientConnectionManager - Connection leased: [id: 5][route: {}->http://localhost:27159][total kept alive: 0; route allocated: 1 of 2000; total allocated: 1 of 2000]
2022-12-28 10:39:51  - [ DEBUG ]  org.apache.http.impl.execchain.MainClientExec.execute(MainClientExec.java:235)Forwarding close on session 08c7e438-4f3a-42b7-adfd-ca1794750711 to remoteorg.apache.http.impl.execchain.MainClientExec - Opening connection {}->http://localhost:27159
2022-12-28 10:39:51  - [ DEBUG ]  org.apache.http.impl.conn.DefaultHttpClientConnectionOperator.connect(DefaultHttpClientConnectionOperator.java:139)Forwarding close on session 08c7e438-4f3a-42b7-adfd-ca1794750711 to remoteorg.apache.http.impl.conn.DefaultHttpClientConnectionOperator - Connecting to localhost/127.0.0.1:27159
2022-12-28 10:39:51  - [ DEBUG ]  org.apache.http.impl.conn.DefaultHttpClientConnectionOperator.connect(DefaultHttpClientConnectionOperator.java:146)Forwarding close on session 08c7e438-4f3a-42b7-adfd-ca1794750711 to remoteorg.apache.http.impl.conn.DefaultHttpClientConnectionOperator - Connection established 127.0.0.1:58802<->127.0.0.1:27159
2022-12-28 10:39:51  - [ DEBUG ]  org.apache.http.impl.conn.LoggingManagedHttpClientConnection.setSocketTimeout(LoggingManagedHttpClientConnection.java:88)Forwarding close on session 08c7e438-4f3a-42b7-adfd-ca1794750711 to remoteorg.apache.http.impl.conn.DefaultManagedHttpClientConnection - http-outgoing-5: set socket timeout to 10800000
2022-12-28 10:39:51  - [ DEBUG ]  org.apache.http.impl.execchain.MainClientExec.execute(MainClientExec.java:256)Forwarding close on session 08c7e438-4f3a-42b7-adfd-ca1794750711 to remoteorg.apache.http.impl.execchain.MainClientExec - Executing request DELETE /session/08c7e438-4f3a-42b7-adfd-ca1794750711/window HTTP/1.1
2022-12-28 10:39:51  - [ DEBUG ]  org.apache.http.impl.execchain.MainClientExec.execute(MainClientExec.java:261)Forwarding close on session 08c7e438-4f3a-42b7-adfd-ca1794750711 to remoteorg.apache.http.impl.execchain.MainClientExec - Target auth state: UNCHALLENGED
2022-12-28 10:39:51  - [ DEBUG ]  org.apache.http.impl.execchain.MainClientExec.execute(MainClientExec.java:267)Forwarding close on session 08c7e438-4f3a-42b7-adfd-ca1794750711 to remoteorg.apache.http.impl.execchain.MainClientExec - Proxy auth state: UNCHALLENGED
2022-12-28 10:39:51  - [ DEBUG ]  org.apache.http.impl.conn.LoggingManagedHttpClientConnection.onRequestSubmitted(LoggingManagedHttpClientConnection.java:133)Forwarding close on session 08c7e438-4f3a-42b7-adfd-ca1794750711 to remoteorg.apache.http.headers - http-outgoing-5 >> DELETE /session/08c7e438-4f3a-42b7-adfd-ca1794750711/window HTTP/1.1
2022-12-28 10:39:51  - [ DEBUG ]  org.apache.http.impl.conn.LoggingManagedHttpClientConnection.onRequestSubmitted(LoggingManagedHttpClientConnection.java:136)Forwarding close on session 08c7e438-4f3a-42b7-adfd-ca1794750711 to remoteorg.apache.http.headers - http-outgoing-5 >> Host: localhost:27159
2022-12-28 10:39:51  - [ DEBUG ]  org.apache.http.impl.conn.LoggingManagedHttpClientConnection.onRequestSubmitted(LoggingManagedHttpClientConnection.java:136)Forwarding close on session 08c7e438-4f3a-42b7-adfd-ca1794750711 to remoteorg.apache.http.headers - http-outgoing-5 >> Connection: Keep-Alive
2022-12-28 10:39:51  - [ DEBUG ]  org.apache.http.impl.conn.LoggingManagedHttpClientConnection.onRequestSubmitted(LoggingManagedHttpClientConnection.java:136)Forwarding close on session 08c7e438-4f3a-42b7-adfd-ca1794750711 to remoteorg.apache.http.headers - http-outgoing-5 >> User-Agent: Apache-HttpClient/4.5.3 (Java/1.8.0_144)
2022-12-28 10:39:51  - [ DEBUG ]  org.apache.http.impl.conn.LoggingManagedHttpClientConnection.onRequestSubmitted(LoggingManagedHttpClientConnection.java:136)Forwarding close on session 08c7e438-4f3a-42b7-adfd-ca1794750711 to remoteorg.apache.http.headers - http-outgoing-5 >> Accept-Encoding: gzip,deflate
2022-12-28 10:39:51  - [ DEBUG ]  org.apache.http.impl.conn.Wire.wire(Wire.java:73)Forwarding close on session 08c7e438-4f3a-42b7-adfd-ca1794750711 to remoteorg.apache.http.wire - http-outgoing-5 >> "DELETE /session/08c7e438-4f3a-42b7-adfd-ca1794750711/window HTTP/1.1[\r][\n]"
2022-12-28 10:39:51  - [ DEBUG ]  org.apache.http.impl.conn.Wire.wire(Wire.java:73)Forwarding close on session 08c7e438-4f3a-42b7-adfd-ca1794750711 to remoteorg.apache.http.wire - http-outgoing-5 >> "Host: localhost:27159[\r][\n]"
2022-12-28 10:39:51  - [ DEBUG ]  org.apache.http.impl.conn.Wire.wire(Wire.java:73)Forwarding close on session 08c7e438-4f3a-42b7-adfd-ca1794750711 to remoteorg.apache.http.wire - http-outgoing-5 >> "Connection: Keep-Alive[\r][\n]"
2022-12-28 10:39:51  - [ DEBUG ]  org.apache.http.impl.conn.Wire.wire(Wire.java:73)Forwarding close on session 08c7e438-4f3a-42b7-adfd-ca1794750711 to remoteorg.apache.http.wire - http-outgoing-5 >> "User-Agent: Apache-HttpClient/4.5.3 (Java/1.8.0_144)[\r][\n]"
2022-12-28 10:39:51  - [ DEBUG ]  org.apache.http.impl.conn.Wire.wire(Wire.java:73)Forwarding close on session 08c7e438-4f3a-42b7-adfd-ca1794750711 to remoteorg.apache.http.wire - http-outgoing-5 >> "Accept-Encoding: gzip,deflate[\r][\n]"
2022-12-28 10:39:51  - [ DEBUG ]  org.apache.http.impl.conn.Wire.wire(Wire.java:73)Forwarding close on session 08c7e438-4f3a-42b7-adfd-ca1794750711 to remoteorg.apache.http.wire - http-outgoing-5 >> "[\r][\n]"
2022-12-28 10:39:51  - [ DEBUG ]  org.apache.http.impl.conn.Wire.wire(Wire.java:73)Forwarding close on session 08c7e438-4f3a-42b7-adfd-ca1794750711 to remoteorg.apache.http.wire - http-outgoing-5 << "HTTP/1.1 200 OK[\r][\n]"
2022-12-28 10:39:51  - [ DEBUG ]  org.apache.http.impl.conn.Wire.wire(Wire.java:73)Forwarding close on session 08c7e438-4f3a-42b7-adfd-ca1794750711 to remoteorg.apache.http.wire - http-outgoing-5 << "Connection: close[\r][\n]"
2022-12-28 10:39:51  - [ DEBUG ]  org.apache.http.impl.conn.Wire.wire(Wire.java:73)Forwarding close on session 08c7e438-4f3a-42b7-adfd-ca1794750711 to remoteorg.apache.http.wire - http-outgoing-5 << "Content-Type: application/json; charset=utf-8[\r][\n]"
2022-12-28 10:39:51  - [ DEBUG ]  org.apache.http.impl.conn.Wire.wire(Wire.java:73)Forwarding close on session 08c7e438-4f3a-42b7-adfd-ca1794750711 to remoteorg.apache.http.wire - http-outgoing-5 << "Cache-Control: no-cache[\r][\n]"
2022-12-28 10:39:51  - [ DEBUG ]  org.apache.http.impl.conn.Wire.wire(Wire.java:73)Forwarding close on session 08c7e438-4f3a-42b7-adfd-ca1794750711 to remoteorg.apache.http.wire - http-outgoing-5 << "Content-Length: 13[\r][\n]"
2022-12-28 10:39:51  - [ DEBUG ]  org.apache.http.impl.conn.Wire.wire(Wire.java:73)Forwarding close on session 08c7e438-4f3a-42b7-adfd-ca1794750711 to remoteorg.apache.http.wire - http-outgoing-5 << "Date: Wed, 28 Dec 2022 02:39:51 GMT[\r][\n]"
2022-12-28 10:39:51  - [ DEBUG ]  org.apache.http.impl.conn.Wire.wire(Wire.java:73)Forwarding close on session 08c7e438-4f3a-42b7-adfd-ca1794750711 to remoteorg.apache.http.wire - http-outgoing-5 << "[\r][\n]"
2022-12-28 10:39:51  - [ DEBUG ]  org.apache.http.impl.conn.Wire.wire(Wire.java:87)Forwarding close on session 08c7e438-4f3a-42b7-adfd-ca1794750711 to remoteorg.apache.http.wire - http-outgoing-5 << "{"value": []}"
2022-12-28 10:39:51  - [ DEBUG ]  org.apache.http.impl.conn.LoggingManagedHttpClientConnection.onResponseReceived(LoggingManagedHttpClientConnection.java:122)Forwarding close on session 08c7e438-4f3a-42b7-adfd-ca1794750711 to remoteorg.apache.http.headers - http-outgoing-5 << HTTP/1.1 200 OK
2022-12-28 10:39:51  - [ DEBUG ]  org.apache.http.impl.conn.LoggingManagedHttpClientConnection.onResponseReceived(LoggingManagedHttpClientConnection.java:125)Forwarding close on session 08c7e438-4f3a-42b7-adfd-ca1794750711 to remoteorg.apache.http.headers - http-outgoing-5 << Connection: close
2022-12-28 10:39:51  - [ DEBUG ]  org.apache.http.impl.conn.LoggingManagedHttpClientConnection.onResponseReceived(LoggingManagedHttpClientConnection.java:125)Forwarding close on session 08c7e438-4f3a-42b7-adfd-ca1794750711 to remoteorg.apache.http.headers - http-outgoing-5 << Content-Type: application/json; charset=utf-8
2022-12-28 10:39:51  - [ DEBUG ]  org.apache.http.impl.conn.LoggingManagedHttpClientConnection.onResponseReceived(LoggingManagedHttpClientConnection.java:125)Forwarding close on session 08c7e438-4f3a-42b7-adfd-ca1794750711 to remoteorg.apache.http.headers - http-outgoing-5 << Cache-Control: no-cache
2022-12-28 10:39:51  - [ DEBUG ]  org.apache.http.impl.conn.LoggingManagedHttpClientConnection.onResponseReceived(LoggingManagedHttpClientConnection.java:125)Forwarding close on session 08c7e438-4f3a-42b7-adfd-ca1794750711 to remoteorg.apache.http.headers - http-outgoing-5 << Content-Length: 13
2022-12-28 10:39:51  - [ DEBUG ]  org.apache.http.impl.conn.LoggingManagedHttpClientConnection.onResponseReceived(LoggingManagedHttpClientConnection.java:125)Forwarding close on session 08c7e438-4f3a-42b7-adfd-ca1794750711 to remoteorg.apache.http.headers - http-outgoing-5 << Date: Wed, 28 Dec 2022 02:39:51 GMT
2022-12-28 10:39:51  - [ DEBUG ]  org.apache.http.impl.conn.LoggingManagedHttpClientConnection.close(LoggingManagedHttpClientConnection.java:79)Forwarding close on session 08c7e438-4f3a-42b7-adfd-ca1794750711 to remoteorg.apache.http.impl.conn.DefaultManagedHttpClientConnection - http-outgoing-5: Close connection
2022-12-28 10:39:51  - [ DEBUG ]  org.apache.http.impl.execchain.ConnectionHolder.releaseConnection(ConnectionHolder.java:104)Forwarding close on session 08c7e438-4f3a-42b7-adfd-ca1794750711 to remoteorg.apache.http.impl.execchain.MainClientExec - Connection discarded
2022-12-28 10:39:51  - [ DEBUG ]  org.apache.http.impl.conn.PoolingHttpClientConnectionManager.releaseConnection(PoolingHttpClientConnectionManager.java:326)Forwarding close on session 08c7e438-4f3a-42b7-adfd-ca1794750711 to remoteorg.apache.http.impl.conn.PoolingHttpClientConnectionManager - Connection released: [id: 5][route: {}->http://localhost:27159][total kept alive: 0; route allocated: 0 of 2000; total allocated: 0 of 2000]
